<?xml version="1.0" encoding="UTF-8"?>
<!-- Generated by org.testng.reporters.JUnitReportReporter -->
<testsuite hostname="DESKTOP-NVPTPKF" failures="0" tests="1" name="com.test.actitime.ActitimeCreateCustomer" time="20.641" errors="0" timestamp="06 Jan 2021 05:38:54 GMT" skipped="0">
  <testcase classname="com.test.actitime.ActitimeCreateCustomer" name="createCustomer" time="20.641"/>
</testsuite> <!-- com.test.actitime.ActitimeCreateCustomer -->
