<?xml version="1.0" encoding="UTF-8"?>
<!-- Generated by org.testng.reporters.JUnitReportReporter -->
<testsuite hostname="DESKTOP-NVPTPKF" failures="0" tests="1" name="com.test.actitime.ActitimeLoginLogout" time="11.770" errors="0" timestamp="05 Jan 2021 16:01:35 GMT" skipped="0">
  <testcase classname="com.test.actitime.ActitimeLoginLogout" name="loginLogout" time="11.770"/>
</testsuite> <!-- com.test.actitime.ActitimeLoginLogout -->
